<?xml version="1.0" encoding="UTF-8"?>
<testsuite name="org.example.PlayerTest" tests="3" skipped="0" failures="0" errors="0" timestamp="2026-03-11T18:12:02.236Z" hostname="HugoNavMio" time="0.028">
  <properties/>
  <testcase name="curarAUnMuertoNoFunciona()" classname="org.example.PlayerTest" time="0.016"/>
  <testcase name="curarNoSuperaMaximo()" classname="org.example.PlayerTest" time="0.004"/>
  <testcase name="curarSumaVida()" classname="org.example.PlayerTest" time="0.005"/>
  <system-out><![CDATA[]]></system-out>
  <system-err><![CDATA[]]></system-err>
</testsuite>
